<?xml version="1.0" encoding="UTF-8"?>
<testsuite xmlns:xsi="http://www.w3.org/2001/XMLSchema-instance" xsi:noNamespaceSchemaLocation="https://maven.apache.org/surefire/maven-surefire-plugin/xsd/surefire-test-report.xsd" name="TestPoker" time="0.05" tests="10" errors="0" skipped="0" failures="0">
  <properties>
[...]
</properties>
  <testcase name="caretsTest" classname="TestPoker" time="0.03"/>
  <testcase name="threeTest" classname="TestPoker" time="0"/>
  <testcase name="pokerTest" classname="TestPoker" time="0.001"/>
  <testcase name="streatTest" classname="TestPoker" time="0.001"/>
  <testcase name="higher_CardTest" classname="TestPoker" time="0.001"/>
  <testcase name="checkingTest" classname="TestPoker" time="0.002"/>
  <testcase name="pairTest" classname="TestPoker" time="0.001"/>
  <testcase name="fullTest" classname="TestPoker" time="0"/>
  <testcase name="colourTest" classname="TestPoker" time="0"/>
  <testcase name="twopairsTest" classname="TestPoker" time="0.001"/>
</testsuite>